\BOOKMARK [0][-]{chapter.1}{\376\377\000I\000n\000d\000h\000o\000l\000d}{}% 1
\BOOKMARK [1][-]{section.1.1}{\376\377\000O\000r\000d\000o\000p\000t\000\346\000l\000l\000i\000n\000g}{chapter.1}% 2
\BOOKMARK [1][-]{section.1.2}{\376\377\000T\000O\000D\000O\000s}{chapter.1}% 3
\BOOKMARK [1][-]{section.1.3}{\376\377\000I\000n\000d\000h\000o\000l\000d\000s\000f\000o\000r\000t\000e\000g\000n\000e\000l\000s\000e}{chapter.1}% 4
\BOOKMARK [0][-]{chapter.2}{\376\377\000I\000n\000d\000l\000e\000d\000n\000i\000n\000g}{}% 5
\BOOKMARK [1][-]{section.2.1}{\376\377\000I\000n\000t\000r\000o\000d\000u\000k\000t\000i\000o\000n}{chapter.2}% 6
\BOOKMARK [1][-]{section.2.2}{\376\377\000P\000r\000o\000b\000l\000e\000m\000s\000t\000i\000l\000l\000i\000n\000g}{chapter.2}% 7
\BOOKMARK [1][-]{section.2.3}{\376\377\000P\000r\000o\000b\000l\000e\000m\000f\000o\000r\000m\000u\000l\000e\000r\000i\000n\000g}{chapter.2}% 8
\BOOKMARK [1][-]{section.2.4}{\376\377\000A\000f\000g\000r\000\346\000n\000s\000n\000i\000n\000g\000\040\000o\000g\000\040\000M\000e\000t\000o\000d\000e}{chapter.2}% 9
\BOOKMARK [0][-]{chapter.3}{\376\377\000S\000y\000s\000t\000e\000m\000u\000d\000v\000i\000k\000l\000i\000n\000g}{}% 10
\BOOKMARK [1][-]{section.3.1}{\376\377\000V\000i\000r\000k\000s\000o\000m\000h\000e\000d\000s\000b\000e\000s\000k\000r\000i\000v\000e\000l\000s\000e}{chapter.3}% 11
\BOOKMARK [2][-]{subsection.3.1.1}{\376\377\000I\000n\000t\000e\000r\000e\000s\000s\000e\000n\000t\000\040\000a\000n\000a\000l\000y\000s\000e}{section.3.1}% 12
\BOOKMARK [1][-]{section.3.2}{\376\377\000P\000r\000o\000j\000e\000k\000t\000p\000l\000a\000n}{chapter.3}% 13
\BOOKMARK [2][-]{subsection.3.2.1}{\376\377\000R\000i\000s\000i\000k\000o\000a\000n\000a\000l\000y\000s\000e}{section.3.2}% 14
\BOOKMARK [1][-]{section.3.3}{\376\377\000K\000r\000a\000v\000s\000p\000e\000c\000i\000f\000i\000k\000a\000t\000i\000o\000n}{chapter.3}% 15
\BOOKMARK [2][-]{subsection.3.3.1}{\376\377\000K\000r\000a\000v\000i\000n\000d\000s\000a\000m\000l\000i\000n\000g}{section.3.3}% 16
\BOOKMARK [2][-]{subsection.3.3.2}{\376\377\000F\000u\000n\000k\000t\000i\000o\000n\000e\000l\000l\000e\000\040\000k\000r\000a\000v}{section.3.3}% 17
\BOOKMARK [2][-]{subsection.3.3.3}{\376\377\000I\000k\000k\000e\000-\000f\000u\000n\000k\000t\000i\000o\000n\000e\000l\000l\000e\000\040\000k\000r\000a\000v}{section.3.3}% 18
\BOOKMARK [2][-]{subsection.3.3.4}{\376\377\000U\000s\000e\000r\000\040\000S\000t\000o\000r\000i\000e\000s}{section.3.3}% 19
\BOOKMARK [2][-]{subsection.3.3.5}{\376\377\000E\000R\000-\000d\000i\000a\000g\000r\000a\000m}{section.3.3}% 20
\BOOKMARK [0][-]{chapter.4}{\376\377\000I\000m\000p\000l\000e\000m\000e\000n\000t\000e\000r\000i\000n\000g}{}% 21
\BOOKMARK [1][-]{section.4.1}{\376\377\000D\000e\000s\000i\000g\000n}{chapter.4}% 22
\BOOKMARK [2][-]{subsection.4.1.1}{\376\377\000B\000r\000u\000g\000e\000r\000f\000l\000a\000d\000e}{section.4.1}% 23
\BOOKMARK [1][-]{section.4.2}{\376\377\000K\000o\000d\000e}{chapter.4}% 24
\BOOKMARK [2][-]{subsection.4.2.1}{\376\377\000P\000r\000o\000g\000r\000a\000m\000m\000e\000r\000i\000n\000g\000s\000s\000p\000r\000o\000g}{section.4.2}% 25
\BOOKMARK [2][-]{subsection.4.2.2}{\376\377\000D\000a\000t\000a\000b\000a\000s\000e}{section.4.2}% 26
\BOOKMARK [2][-]{subsection.4.2.3}{\376\377\000O\000b\000j\000e\000c\000t\000\040\000R\000e\000l\000a\000t\000i\000o\000n\000a\000l\000\040\000M\000a\000p\000p\000i\000n\000g\040\024\000O\000R\000M}{section.4.2}% 27
\BOOKMARK [2][-]{subsection.4.2.4}{\376\377\000G\000r\000a\000p\000h\000Q\000L}{section.4.2}% 28
\BOOKMARK [1][-]{section.4.3}{\376\377\000S\000i\000k\000k\000e\000r\000h\000e\000d}{chapter.4}% 29
\BOOKMARK [0][-]{chapter.5}{\376\377\000A\000f\000r\000u\000n\000d\000i\000n\000g}{}% 30
\BOOKMARK [1][-]{section.5.1}{\376\377\000T\000e\000o\000r\000i}{chapter.5}% 31
\BOOKMARK [1][-]{section.5.2}{\376\377\000R\000e\000f\000l\000e\000k\000t\000i\000o\000n}{chapter.5}% 32
\BOOKMARK [1][-]{section.5.3}{\376\377\000K\000o\000n\000k\000l\000u\000s\000i\000o\000n}{chapter.5}% 33
\BOOKMARK [0][-]{chapter.6}{\376\377\000B\000i\000l\000a\000g}{}% 34
\BOOKMARK [1][-]{section.6.1}{\376\377\000L\000i\000t\000t\000e\000r\000a\000t\000u\000r}{chapter.6}% 35
